Mon Feb 14 18:12:09 CET 2022, INFO: This Master is set at Id 7777
Mon Feb 14 18:12:09 CET 2022, INFO: SMA power meter started on Thread
Mon Feb 14 18:12:09 CET 2022, INFO: Opening SMA multicast socket from 192.168.2.147
Mon Feb 14 18:12:09 CET 2022, INFO: Web server started on Thread
Mon Feb 14 18:12:09 CET 2022, INFO: Opening RS485 port COM3
Mon Feb 14 18:12:09 CET 2022, INFO: Sending out SMA specific discovery code 534D4100000402A0FFFFFFFF0000002000000000 to multicast address 239.12.255.254/9522
Mon Feb 14 18:12:10 CET 2022, INFO: Port COM3 opened
Mon Feb 14 18:12:10 CET 2022, INFO: SMA power meter reports 1812.2 Watt consumption from grid
Mon Feb 14 18:12:19 CET 2022, INFO: Block received C0FDE26388950C800000000000000000EEC0FC
Mon Feb 14 18:12:19 CET 2022, INFO: First block received C0FDE26388950C800000000000000000EEC0FC
Mon Feb 14 18:12:19 CET 2022, INFO: SlaveId 6388, SlaveSign 95, max amps 32
Mon Feb 14 18:12:19 CET 2022, INFO: Sending heartbeat block C0FBE0777763880903200000000000E5C0
Mon Feb 14 18:12:29 CET 2022, INFO: Block received C0FDE0638877770902580000000000001CC0FC
Mon Feb 14 18:12:29 CET 2022, INFO: command code 9
Mon Feb 14 18:12:29 CET 2022, INFO: Charging current 6.0A set, 0.0A used
Mon Feb 14 18:12:31 CET 2022, INFO: Charging current is set at 8A, Sending no-change to TWC, waiting since 11s
Mon Feb 14 18:12:31 CET 2022, INFO: Sending block C0FBE0777763880903200000000000E5C0
Mon Feb 14 18:12:39 CET 2022, INFO: Block received C0FDE26388950C800000000000000000EEC0FC
Mon Feb 14 18:12:39 CET 2022, INFO: Unknown TWC status C0FDE26388950C800000000000000000EEC0FC, FDE26388950C800000000000000000EE, 800000000000000000
Mon Feb 14 18:12:39 CET 2022, INFO: Charging current 0.0A set, 0.0A used
Mon Feb 14 18:12:41 CET 2022, INFO: Charging current is set at 8A, Sending no-change to TWC, waiting since 21s
Mon Feb 14 18:12:41 CET 2022, INFO: Sending block C0FBE0777763880903200000000000E5C0
Mon Feb 14 18:12:41 CET 2022, INFO: Block received C0FDE063887777000000000000000000B9C0FC
Mon Feb 14 18:12:41 CET 2022, INFO: Charger ready
Mon Feb 14 18:12:41 CET 2022, INFO: Charging current 0.0A set, 0.0A used
Mon Feb 14 18:12:43 CET 2022, INFO: Charging current is set at 8A, Sending no-change to TWC, waiting since 24s
Mon Feb 14 18:12:43 CET 2022, INFO: Sending block C0FBE0777763880903200000000000E5C0
Mon Feb 14 18:12:44 CET 2022, INFO: Block received C0FDE063887777000000000000000000B9C0FC
Mon Feb 14 18:12:44 CET 2022, INFO: Charger ready
Mon Feb 14 18:12:44 CET 2022, INFO: Charging current 0.0A set, 0.0A used
Mon Feb 14 18:12:46 CET 2022, INFO: Charging current is set at 8A, Sending no-change to TWC, waiting since 26s
Mon Feb 14 18:12:46 CET 2022, INFO: Sending block C0FBE0777763880903200000000000E5C0
Mon Feb 14 18:12:53 CET 2022, INFO: Block received C0FDE063887777090000000000000000C2C0FC
Mon Feb 14 18:12:53 CET 2022, INFO: command code 9
Mon Feb 14 18:12:53 CET 2022, INFO: Charging current 0.0A set, 0.0A used
Mon Feb 14 18:12:55 CET 2022, INFO: Charging current change from 8 to 20
Mon Feb 14 18:12:55 CET 2022, INFO: Sending block C0FBE0777763880907D0000000000099C0
Mon Feb 14 18:13:01 CET 2022, INFO: SMA power meter reports 1824.1 Watt consumption from grid
Mon Feb 14 18:13:03 CET 2022, INFO: Block received C0FDE26388950C800000000000000000EEC0FC
Mon Feb 14 18:13:03 CET 2022, INFO: Unknown TWC status C0FDE26388950C800000000000000000EEC0FC, FDE26388950C800000000000000000EE, 800000000000000000
Mon Feb 14 18:13:03 CET 2022, INFO: Charging current 0.0A set, 0.0A used
Mon Feb 14 18:13:05 CET 2022, INFO: Charging current is set at 20A, Sending no-change to TWC, waiting since 10s
Mon Feb 14 18:13:05 CET 2022, INFO: Sending block C0FBE0777763880907D0000000000099C0
Mon Feb 14 18:13:05 CET 2022, INFO: Block received C0FDE0638877770907D0003A00000000D3C0FC
Mon Feb 14 18:13:05 CET 2022, INFO: command code 9
Mon Feb 14 18:13:05 CET 2022, INFO: Charging current 20.0A set, 0.58A used
Mon Feb 14 18:13:07 CET 2022, INFO: Charging current is set at 20A, Sending no-change to TWC, waiting since 12s
Mon Feb 14 18:13:07 CET 2022, INFO: Sending block C0FBE0777763880907D0000000000099C0
Mon Feb 14 18:13:08 CET 2022, INFO: Block received C0FDE0638877770907D000A90000000042C0FC
Mon Feb 14 18:13:08 CET 2022, INFO: command code 9
Mon Feb 14 18:13:08 CET 2022, INFO: Charging current 20.0A set, 1.69A used
Mon Feb 14 18:13:10 CET 2022, INFO: Charging current is set at 20A, Sending no-change to TWC, waiting since 15s
Mon Feb 14 18:13:10 CET 2022, INFO: Sending block C0FBE0777763880907D0000000000099C0
Mon Feb 14 18:13:17 CET 2022, INFO: Block received C0FDE26388950C800000000000000000EEC0FC
Mon Feb 14 18:13:17 CET 2022, INFO: Unknown TWC status C0FDE26388950C800000000000000000EEC0FC, FDE26388950C800000000000000000EE, 800000000000000000
Mon Feb 14 18:13:17 CET 2022, INFO: Charging current 0.0A set, 0.0A used
Mon Feb 14 18:13:19 CET 2022, INFO: Charging current is set at 20A, Sending no-change to TWC, waiting since 24s
Mon Feb 14 18:13:19 CET 2022, INFO: Sending block C0FBE0777763880907D0000000000099C0
Mon Feb 14 18:13:19 CET 2022, INFO: Block received C0FDE0638877770907D007A40000000044C0FC
Mon Feb 14 18:13:19 CET 2022, INFO: command code 9
Mon Feb 14 18:13:19 CET 2022, INFO: Charging current 20.0A set, 19.56A used
Mon Feb 14 18:13:21 CET 2022, INFO: Charging current is set at 20A, Sending no-change to TWC
Mon Feb 14 18:13:22 CET 2022, INFO: Block received C0FDE0638877770907D0079B000000003BC0FC
Mon Feb 14 18:13:22 CET 2022, INFO: command code 9
Mon Feb 14 18:13:22 CET 2022, INFO: Charging current 20.0A set, 19.47A used
Mon Feb 14 18:13:24 CET 2022, INFO: Charging current is set at 20A, Sending no-change to TWC, waiting since 29s
Mon Feb 14 18:13:24 CET 2022, INFO: Sending block C0FBE0777763880907D0000000000099C0
Mon Feb 14 18:13:31 CET 2022, INFO: Block received C0FDE0638877770907D007B60000000056C0FC
Mon Feb 14 18:13:31 CET 2022, INFO: command code 9
Mon Feb 14 18:13:31 CET 2022, INFO: Charging current 20.0A set, 19.74A used
Mon Feb 14 18:13:33 CET 2022, INFO: Charging current change from 20 to 13
Mon Feb 14 18:13:33 CET 2022, INFO: Sending block C0FBE0777763880905140000000000DBDDC0
Mon Feb 14 18:13:41 CET 2022, INFO: Block received C0FDE06388777709051407AD000000008FC0FC
Mon Feb 14 18:13:41 CET 2022, INFO: command code 9
Mon Feb 14 18:13:41 CET 2022, INFO: Charging current 13.0A set, 19.65A used
Mon Feb 14 18:13:43 CET 2022, INFO: Charging current is set at 13A, Sending no-change to TWC, waiting since 10s
Mon Feb 14 18:13:43 CET 2022, INFO: Sending block C0FBE0777763880905140000000000DBDDC0
Mon Feb 14 18:13:51 CET 2022, INFO: SMA power meter reports 10130.1 Watt consumption from grid
Mon Feb 14 18:13:51 CET 2022, INFO: Block received C0FDE06388777709051404D600000000B5C0FC
Mon Feb 14 18:13:51 CET 2022, INFO: command code 9
Mon Feb 14 18:13:51 CET 2022, INFO: Charging current 13.0A set, 12.38A used
Mon Feb 14 18:13:53 CET 2022, INFO: Charging current is set at 13A, Sending no-change to TWC, waiting since 19s
Mon Feb 14 18:13:53 CET 2022, INFO: Sending block C0FBE0777763880905140000000000DBDDC0
Mon Feb 14 18:14:01 CET 2022, INFO: Block received C0FDE06388777709051404D200000000B1C0FC
Mon Feb 14 18:14:01 CET 2022, INFO: command code 9
Mon Feb 14 18:14:01 CET 2022, INFO: Charging current 13.0A set, 12.34A used
Mon Feb 14 18:14:03 CET 2022, INFO: Charging current is set at 13A, Sending no-change to TWC, waiting since 29s
Mon Feb 14 18:14:03 CET 2022, INFO: Sending block C0FBE0777763880905140000000000DBDDC0
Mon Feb 14 18:14:11 CET 2022, INFO: Block received C0FDE26388950C800000000000000000EEC0FC
Mon Feb 14 18:14:11 CET 2022, INFO: Unknown TWC status C0FDE26388950C800000000000000000EEC0FC, FDE26388950C800000000000000000EE, 800000000000000000
Mon Feb 14 18:14:11 CET 2022, INFO: Charging current 0.0A set, 0.0A used
Mon Feb 14 18:14:13 CET 2022, INFO: Charging current change from 13 to 13
Mon Feb 14 18:14:13 CET 2022, INFO: Sending block C0FBE0777763880905140000000000DBDDC0
Mon Feb 14 18:14:13 CET 2022, INFO: Block received C0FDE06388777709051404DA00000000B9C0FC
Mon Feb 14 18:14:13 CET 2022, INFO: command code 9
Mon Feb 14 18:14:13 CET 2022, INFO: Charging current 13.0A set, 12.42A used
Mon Feb 14 18:14:15 CET 2022, INFO: Charging current is set at 13A, Sending no-change to TWC, waiting since 2s
Mon Feb 14 18:14:15 CET 2022, INFO: Sending block C0FBE0777763880905140000000000DBDDC0
Mon Feb 14 18:14:16 CET 2022, INFO: Block received C0FDE06388777709051404DA00000000B9C0FC
Mon Feb 14 18:14:16 CET 2022, INFO: command code 9
Mon Feb 14 18:14:16 CET 2022, INFO: Charging current 13.0A set, 12.42A used
Mon Feb 14 18:14:18 CET 2022, INFO: Charging current is set at 13A, Sending no-change to TWC, waiting since 5s
Mon Feb 14 18:14:18 CET 2022, INFO: Sending block C0FBE0777763880905140000000000DBDDC0
Mon Feb 14 18:14:25 CET 2022, INFO: Block received C0FDE06388777709051404DA00000000B9C0FC
Mon Feb 14 18:14:25 CET 2022, INFO: command code 9
Mon Feb 14 18:14:25 CET 2022, INFO: Charging current 13.0A set, 12.42A used
Mon Feb 14 18:14:27 CET 2022, INFO: Charging current is set at 13A, Sending no-change to TWC, waiting since 14s
Mon Feb 14 18:14:27 CET 2022, INFO: Sending block C0FBE0777763880905140000000000DBDDC0
Mon Feb 14 18:14:35 CET 2022, INFO: Block received C0FDE06388777709051404DA00000000B9C0FC
Mon Feb 14 18:14:35 CET 2022, INFO: command code 9
Mon Feb 14 18:14:35 CET 2022, INFO: Charging current 13.0A set, 12.42A used
Mon Feb 14 18:14:37 CET 2022, INFO: Charging current is set at 13A, Sending no-change to TWC, waiting since 24s
Mon Feb 14 18:14:37 CET 2022, INFO: Sending block C0FBE0777763880905140000000000DBDDC0
Mon Feb 14 18:14:40 CET 2022, INFO: SMA power meter reports 10100.0 Watt consumption from grid
Mon Feb 14 18:14:45 CET 2022, INFO: Block received C0FDE26388950C800000000000000000EEC0FC
Mon Feb 14 18:14:45 CET 2022, INFO: Unknown TWC status C0FDE26388950C800000000000000000EEC0FC, FDE26388950C800000000000000000EE, 800000000000000000
Mon Feb 14 18:14:45 CET 2022, INFO: Charging current 0.0A set, 0.0A used
Mon Feb 14 18:14:47 CET 2022, INFO: Charging current change from 13 to 13
Mon Feb 14 18:14:47 CET 2022, INFO: Sending block C0FBE0777763880905140000000000DBDDC0
Mon Feb 14 18:14:47 CET 2022, INFO: Block received C0FDE06388777709051404D600000000B5C0FC
Mon Feb 14 18:14:47 CET 2022, INFO: command code 9
Mon Feb 14 18:14:47 CET 2022, INFO: Charging current 13.0A set, 12.38A used
Mon Feb 14 18:14:49 CET 2022, INFO: Charging current is set at 13A, Sending no-change to TWC, waiting since 2s
Mon Feb 14 18:14:49 CET 2022, INFO: Sending block C0FBE0777763880905140000000000DBDDC0
Mon Feb 14 18:14:50 CET 2022, INFO: Block received C0FDE06388777709051404D200000000B1C0FC
Mon Feb 14 18:14:50 CET 2022, INFO: command code 9
Mon Feb 14 18:14:50 CET 2022, INFO: Charging current 13.0A set, 12.34A used
Mon Feb 14 18:14:52 CET 2022, INFO: Charging current is set at 13A, Sending no-change to TWC, waiting since 5s
Mon Feb 14 18:14:52 CET 2022, INFO: Sending block C0FBE0777763880905140000000000DBDDC0
Mon Feb 14 18:14:59 CET 2022, INFO: Block received C0FDE26388950C800000000000000000EEC0FC
Mon Feb 14 18:14:59 CET 2022, INFO: Unknown TWC status C0FDE26388950C800000000000000000EEC0FC, FDE26388950C800000000000000000EE, 800000000000000000
Mon Feb 14 18:14:59 CET 2022, INFO: Charging current 0.0A set, 0.0A used
Mon Feb 14 18:15:01 CET 2022, INFO: Charging current is set at 13A, Sending no-change to TWC, waiting since 13s
Mon Feb 14 18:15:01 CET 2022, INFO: Sending block C0FBE0777763880905140000000000DBDDC0
Mon Feb 14 18:15:01 CET 2022, INFO: Block received C0FDE06388777709051404DA00000000B9C0FC
Mon Feb 14 18:15:01 CET 2022, INFO: command code 9
Mon Feb 14 18:15:01 CET 2022, INFO: Charging current 13.0A set, 12.42A used
Mon Feb 14 18:15:03 CET 2022, INFO: Charging current is set at 13A, Sending no-change to TWC, waiting since 16s
Mon Feb 14 18:15:03 CET 2022, INFO: Sending block C0FBE0777763880905140000000000DBDDC0
Mon Feb 14 18:15:04 CET 2022, INFO: Block received C0FDE06388777709051404DBDD00000000BAC0FC
Mon Feb 14 18:15:04 CET 2022, INFO: command code 9
Mon Feb 14 18:15:04 CET 2022, INFO: Charging current 13.0A set, 12.43A used
Mon Feb 14 18:15:06 CET 2022, INFO: Charging current is set at 13A, Sending no-change to TWC, waiting since 19s
Mon Feb 14 18:15:06 CET 2022, INFO: Sending block C0FBE0777763880905140000000000DBDDC0
Mon Feb 14 18:15:13 CET 2022, INFO: Block received C0FDE26388950C800000000000000000EEC0FC
Mon Feb 14 18:15:13 CET 2022, INFO: Unknown TWC status C0FDE26388950C800000000000000000EEC0FC, FDE26388950C800000000000000000EE, 800000000000000000
Mon Feb 14 18:15:13 CET 2022, INFO: Charging current 0.0A set, 0.0A used
Mon Feb 14 18:15:15 CET 2022, INFO: Charging current is set at 13A, Sending no-change to TWC, waiting since 27s
Mon Feb 14 18:15:15 CET 2022, INFO: Sending block C0FBE0777763880905140000000000DBDDC0
Mon Feb 14 18:15:15 CET 2022, INFO: Block received C0FDE06388777709051404D600000000B5C0FC
Mon Feb 14 18:15:15 CET 2022, INFO: command code 9
Mon Feb 14 18:15:15 CET 2022, INFO: Charging current 13.0A set, 12.38A used
Mon Feb 14 18:15:17 CET 2022, INFO: Charging current change from 13 to 13
Mon Feb 14 18:15:17 CET 2022, INFO: Sending block C0FBE0777763880905140000000000DBDDC0
Mon Feb 14 18:15:18 CET 2022, INFO: Block received C0FDE06388777709051404D600000000B5C0FC
Mon Feb 14 18:15:18 CET 2022, INFO: command code 9
Mon Feb 14 18:15:18 CET 2022, INFO: Charging current 13.0A set, 12.38A used
Mon Feb 14 18:15:20 CET 2022, INFO: Charging current is set at 13A, Sending no-change to TWC, waiting since 2s
Mon Feb 14 18:15:20 CET 2022, INFO: Sending block C0FBE0777763880905140000000000DBDDC0
Mon Feb 14 18:15:27 CET 2022, INFO: Block received C0FDE26388950C800000000000000000EEC0FC
Mon Feb 14 18:15:27 CET 2022, INFO: Unknown TWC status C0FDE26388950C800000000000000000EEC0FC, FDE26388950C800000000000000000EE, 800000000000000000
Mon Feb 14 18:15:27 CET 2022, INFO: Charging current 0.0A set, 0.0A used
Mon Feb 14 18:15:29 CET 2022, INFO: Charging current is set at 13A, Sending no-change to TWC, waiting since 11s
Mon Feb 14 18:15:29 CET 2022, INFO: Sending block C0FBE0777763880905140000000000DBDDC0
Mon Feb 14 18:15:29 CET 2022, INFO: Block received C0FDE063887777090514000000000000DBDDC0FC
Mon Feb 14 18:15:29 CET 2022, INFO: command code 9
Mon Feb 14 18:15:29 CET 2022, INFO: Charging current 13.0A set, 0.0A used
Mon Feb 14 18:15:30 CET 2022, INFO: SMA power meter reports 1895.0 Watt consumption from grid
Mon Feb 14 18:15:31 CET 2022, INFO: Charging current is set at 13A, Sending no-change to TWC, waiting since 14s
Mon Feb 14 18:15:31 CET 2022, INFO: Sending block C0FBE0777763880905140000000000DBDDC0
Mon Feb 14 18:15:32 CET 2022, INFO: Block received C0FDE063887777000000000000000000B9C0FC
Mon Feb 14 18:15:32 CET 2022, INFO: Charger ready
Mon Feb 14 18:15:32 CET 2022, INFO: Charging current 0.0A set, 0.0A used
Mon Feb 14 18:15:34 CET 2022, INFO: Charging current is set at 13A, Sending no-change to TWC, waiting since 16s
Mon Feb 14 18:15:34 CET 2022, INFO: Sending block C0FBE0777763880905140000000000DBDDC0
Mon Feb 14 18:15:41 CET 2022, INFO: Block received C0FDE063887777000000000000000000B9C0FC
Mon Feb 14 18:15:41 CET 2022, INFO: Charger ready
Mon Feb 14 18:15:41 CET 2022, INFO: Charging current 0.0A set, 0.0A used
Mon Feb 14 18:15:43 CET 2022, INFO: Charging current is set at 13A, Sending no-change to TWC, waiting since 25s
Mon Feb 14 18:15:43 CET 2022, INFO: Sending block C0FBE0777763880905140000000000DBDDC0
Mon Feb 14 18:15:51 CET 2022, INFO: Block received C0FDE063887777000000000000000000B9C0FC
Mon Feb 14 18:15:51 CET 2022, INFO: Charger ready
Mon Feb 14 18:15:51 CET 2022, INFO: Charging current 0.0A set, 0.0A used
Mon Feb 14 18:15:53 CET 2022, INFO: Charging current change from 13 to 25
Mon Feb 14 18:15:53 CET 2022, INFO: Sending block C0FBE0777763880909C400000000008FC0
