Sun Feb 13 10:34:45 CET 2022, INFO: Master Id 7777
Sun Feb 13 10:34:45 CET 2022, INFO: SMA power meter started on Thread
Sun Feb 13 10:34:45 CET 2022, INFO: Opening multicast socket from 192.168.2.147
Sun Feb 13 10:34:45 CET 2022, INFO: Sending out SMA specific discovery code 534D4100000402A0FFFFFFFF0000002000000000 to multicast address 239.12.255.254/9522
Sun Feb 13 10:34:45 CET 2022, INFO: Port COM3 opened
Sun Feb 13 10:34:45 CET 2022, INFO: Start synchronisation with TWC
Sun Feb 13 10:34:45 CET 2022, INFO: Synchronisation succesfull
Sun Feb 13 10:34:45 CET 2022, INFO: SMA power meter reports -0.8 Watt consumption from grid
Sun Feb 13 10:34:47 CET 2022, INFO: First block received C0FDE26388780C800000000000000000D1C0FC
Sun Feb 13 10:34:47 CET 2022, INFO: SlaveId 6388
Sun Feb 13 10:34:47 CET 2022, INFO: Max amps 32
Sun Feb 13 10:34:47 CET 2022, INFO: Sending heartbeat block C0FBE0777763880503e80000000000A9C0
Sun Feb 13 10:34:49 CET 2022, INFO: Setting amps from 6 to 20
Sun Feb 13 10:34:49 CET 2022, INFO: Sending block C0FBE0777763880507d0000000000095C0
Sun Feb 13 10:34:50 CET 2022, INFO: Setting amps from 20 to 34
Sun Feb 13 10:34:50 CET 2022, INFO: Sending block C0FBE077776388050258000000000018C0
Sun Feb 13 10:34:51 CET 2022, INFO: Setting amps from 34 to 48
Sun Feb 13 10:34:51 CET 2022, INFO: Sending block C0FBE077776388050258000000000018C0
Sun Feb 13 10:34:53 CET 2022, INFO: Setting amps from 48 to 62
Sun Feb 13 10:34:53 CET 2022, INFO: Sending block C0FBE077776388050258000000000018C0
Sun Feb 13 10:34:54 CET 2022, INFO: Setting amps from 62 to 76
Sun Feb 13 10:34:54 CET 2022, INFO: Sending block C0FBE077776388050258000000000018C0
Sun Feb 13 10:34:55 CET 2022, INFO: Setting amps from 76 to 90
Sun Feb 13 10:34:55 CET 2022, INFO: Sending block C0FBE077776388050258000000000018C0
Sun Feb 13 10:34:57 CET 2022, INFO: Setting amps from 90 to 104
Sun Feb 13 10:34:57 CET 2022, INFO: Sending block C0FBE077776388050258000000000018C0
Sun Feb 13 10:34:58 CET 2022, INFO: Setting amps from 104 to 118
Sun Feb 13 10:34:58 CET 2022, INFO: Sending block C0FBE077776388050258000000000018C0
Sun Feb 13 10:34:59 CET 2022, INFO: Setting amps from 118 to 132
Sun Feb 13 10:34:59 CET 2022, INFO: Sending block C0FBE077776388050258000000000018C0
Sun Feb 13 10:35:00 CET 2022, INFO: Setting amps from 132 to 146
Sun Feb 13 10:35:00 CET 2022, INFO: Sending block C0FBE077776388050258000000000018C0
Sun Feb 13 10:35:02 CET 2022, INFO: Setting amps from 146 to 160
Sun Feb 13 10:35:02 CET 2022, INFO: Sending block C0FBE077776388050258000000000018C0
Sun Feb 13 10:35:03 CET 2022, INFO: Setting amps from 160 to 174
Sun Feb 13 10:35:03 CET 2022, INFO: Sending block C0FBE077776388050258000000000018C0
Sun Feb 13 10:35:04 CET 2022, INFO: Setting amps from 174 to 188
Sun Feb 13 10:35:04 CET 2022, INFO: Sending block C0FBE077776388050258000000000018C0
Sun Feb 13 10:35:05 CET 2022, INFO: Setting amps from 188 to 202
Sun Feb 13 10:35:05 CET 2022, INFO: Sending block C0FBE077776388050258000000000018C0
Sun Feb 13 10:35:07 CET 2022, INFO: Setting amps from 202 to 216
Sun Feb 13 10:35:07 CET 2022, INFO: Sending block C0FBE077776388050258000000000018C0
Sun Feb 13 10:35:08 CET 2022, INFO: Setting amps from 216 to 230
Sun Feb 13 10:35:08 CET 2022, INFO: Sending block C0FBE077776388050258000000000018C0
Sun Feb 13 10:35:09 CET 2022, INFO: Setting amps from 230 to 244
Sun Feb 13 10:35:09 CET 2022, INFO: Sending block C0FBE077776388050258000000000018C0
Sun Feb 13 10:35:11 CET 2022, INFO: Setting amps from 244 to 258
Sun Feb 13 10:35:11 CET 2022, INFO: Sending block C0FBE077776388050258000000000018C0
Sun Feb 13 10:35:12 CET 2022, INFO: Setting amps from 258 to 272
Sun Feb 13 10:35:12 CET 2022, INFO: Sending block C0FBE077776388050258000000000018C0
Sun Feb 13 10:35:13 CET 2022, INFO: Setting amps from 272 to 286
Sun Feb 13 10:35:13 CET 2022, INFO: Sending block C0FBE077776388050258000000000018C0
Sun Feb 13 10:35:14 CET 2022, INFO: Setting amps from 286 to 300
Sun Feb 13 10:35:14 CET 2022, INFO: Sending block C0FBE077776388050258000000000018C0
Sun Feb 13 10:35:16 CET 2022, INFO: Setting amps from 300 to 314
Sun Feb 13 10:35:16 CET 2022, INFO: Sending block C0FBE077776388050258000000000018C0
Sun Feb 13 10:35:17 CET 2022, INFO: Setting amps from 314 to 328
Sun Feb 13 10:35:17 CET 2022, INFO: Sending block C0FBE077776388050258000000000018C0
Sun Feb 13 10:35:18 CET 2022, INFO: Setting amps from 328 to 342
Sun Feb 13 10:35:18 CET 2022, INFO: Sending block C0FBE077776388050258000000000018C0
Sun Feb 13 10:35:20 CET 2022, INFO: Setting amps from 342 to 356
Sun Feb 13 10:35:20 CET 2022, INFO: Sending block C0FBE077776388050258000000000018C0
Sun Feb 13 10:35:20 CET 2022, WARNING: Block checksum failed
Sun Feb 13 10:36:47 CET 2022, INFO: SMA power meter reports -202.8 Watt consumption from grid
Sun Feb 13 10:38:27 CET 2022, INFO: SMA power meter reports -144.9 Watt consumption from grid
Sun Feb 13 10:40:07 CET 2022, INFO: SMA power meter reports 124.3 Watt consumption from grid
Sun Feb 13 10:41:47 CET 2022, INFO: SMA power meter reports 49.1 Watt consumption from grid
Sun Feb 13 10:43:27 CET 2022, INFO: SMA power meter reports 50.3 Watt consumption from grid
Sun Feb 13 10:45:07 CET 2022, INFO: SMA power meter reports -10.6 Watt consumption from grid
Sun Feb 13 10:46:47 CET 2022, INFO: SMA power meter reports 63.8 Watt consumption from grid
Sun Feb 13 10:48:27 CET 2022, INFO: SMA power meter reports -136.6 Watt consumption from grid
